<html>
<head>
<title>TestNG:  Default test</title>
<link href="../testng.css" rel="stylesheet" type="text/css" />
<link href="../my-testng.css" rel="stylesheet" type="text/css" />

<style type="text/css">
.log { display: none;} 
.stack-trace { display: none;} 
</style>
<script type="text/javascript">
<!--
function flip(e) {
  current = e.style.display;
  if (current == 'block') {
    e.style.display = 'none';
    return 0;
  }
  else {
    e.style.display = 'block';
    return 1;
  }
}

function toggleBox(szDivId, elem, msg1, msg2)
{
  var res = -1;  if (document.getElementById) {
    res = flip(document.getElementById(szDivId));
  }
  else if (document.all) {
    // this is the way old msie versions work
    res = flip(document.all[szDivId]);
  }
  if(elem) {
    if(res == 0) elem.innerHTML = msg1; else elem.innerHTML = msg2;
  }

}

function toggleAllBoxes() {
  if (document.getElementsByTagName) {
    d = document.getElementsByTagName('div');
    for (i = 0; i < d.length; i++) {
      if (d[i].className == 'log') {
        flip(d[i]);
      }
    }
  }
}

// -->
</script>

</head>
<body>
<h2 align='center'>Default test</h2><table border='1' align="center">
<tr>
<td>Tests passed/Failed/Skipped:</td><td>0/4/0</td>
</tr><tr>
<td>Started on:</td><td>Mon Oct 16 19:29:17 EDT 2023</td>
</tr>
<tr><td>Total time:</td><td>18 seconds (18317 ms)</td>
</tr><tr>
<td>Included groups:</td><td></td>
</tr><tr>
<td>Excluded groups:</td><td></td>
</tr>
</table><p/>
<small><i>(Hover the method name to see the test class name)</i></small><p/>
<table width='100%' border='1' class='invocation-failed'>
<tr><td colspan='4' align='center'><b>FAILED TESTS</b></td></tr>
<tr><td><b>Test method</b></td>
<td><b>Attribute(s)</b></td>
<td width="30%"><b>Exception</b></td>
<td width="10%"><b>Time (seconds)</b></td>
<td><b>Instance</b></td>
</tr>
<tr>
<td title='TestRunner.TestRun.runScenario()'><b>runScenario</b><br>Test class: TestRunner.TestRun<br>Test method: Runs Cucumber Scenarios<br>Parameters: "Successful login with valid credentials without Data Driven Testing", "login"</td>
<td><div><pre>java.lang.NullPointerException: Cannot invoke &quot;org.openqa.selenium.WebElement.clear()&quot; because &quot;this.Username&quot; is null
	at PageObject.LoginPage.enterEmail(LoginPage.java:31)
	at StepDefinition.StepDef.user_enter_username_as_as_and_password_as(StepDef.java:29)
	at ✽.User enter Username as &quot;Admin&quot; as and password as &quot;admin123&quot;(file:///C:/Users/akkar/eclipse-workspace/CucumberFramework/./Features/LoginFeature.feature:6)
</pre></div><a href='#' onClick='toggleBox("stack-trace1917555614", this, "Click to show all stack frames", "Click to hide stack frames")'>Click to show all stack frames</a>
<div class='stack-trace' id='stack-trace1917555614'><pre>java.lang.NullPointerException: Cannot invoke &quot;org.openqa.selenium.WebElement.clear()&quot; because &quot;this.Username&quot; is null
	at PageObject.LoginPage.enterEmail(LoginPage.java:31)
	at StepDefinition.StepDef.user_enter_username_as_as_and_password_as(StepDef.java:29)
	at ✽.User enter Username as &quot;Admin&quot; as and password as &quot;admin123&quot;(file:///C:/Users/akkar/eclipse-workspace/CucumberFramework/./Features/LoginFeature.feature:6)
</pre></div></td>
<td>6</td>
<td>TestRunner.TestRun@2ab4bc72</td></tr>
<tr>
<td title='TestRunner.TestRun.runScenario()'><b>runScenario</b><br>Test class: TestRunner.TestRun<br>Test method: Runs Cucumber Scenarios<br>Parameters: "Successful login with valid credentials Data Driven Testing", "login"</td>
<td><div><pre>java.lang.NullPointerException: Cannot invoke &quot;org.openqa.selenium.WebElement.clear()&quot; because &quot;this.Username&quot; is null
	at PageObject.LoginPage.enterEmail(LoginPage.java:31)
	at StepDefinition.StepDef.user_enter_username_as_as_and_password_as(StepDef.java:29)
	at ✽.User enter Username as &quot;Test&quot; as and password as &quot;admin123&quot;(file:///C:/Users/akkar/eclipse-workspace/CucumberFramework/./Features/LoginFeature.feature:16)
</pre></div><a href='#' onClick='toggleBox("stack-trace2063581529", this, "Click to show all stack frames", "Click to hide stack frames")'>Click to show all stack frames</a>
<div class='stack-trace' id='stack-trace2063581529'><pre>java.lang.NullPointerException: Cannot invoke &quot;org.openqa.selenium.WebElement.clear()&quot; because &quot;this.Username&quot; is null
	at PageObject.LoginPage.enterEmail(LoginPage.java:31)
	at StepDefinition.StepDef.user_enter_username_as_as_and_password_as(StepDef.java:29)
	at ✽.User enter Username as &quot;Test&quot; as and password as &quot;admin123&quot;(file:///C:/Users/akkar/eclipse-workspace/CucumberFramework/./Features/LoginFeature.feature:16)
</pre></div></td>
<td>5</td>
<td>TestRunner.TestRun@2ab4bc72</td></tr>
<tr>
<td title='TestRunner.TestRun.runScenario()'><b>runScenario</b><br>Test class: TestRunner.TestRun<br>Test method: Runs Cucumber Scenarios<br>Parameters: "Successful login with valid credentials Data Driven Testing", "login"</td>
<td><div><pre>java.lang.NullPointerException: Cannot invoke &quot;org.openqa.selenium.WebElement.clear()&quot; because &quot;this.Username&quot; is null
	at PageObject.LoginPage.enterEmail(LoginPage.java:31)
	at StepDefinition.StepDef.user_enter_username_as_as_and_password_as(StepDef.java:29)
	at ✽.User enter Username as &quot;Admin&quot; as and password as &quot;admin123&quot;(file:///C:/Users/akkar/eclipse-workspace/CucumberFramework/./Features/LoginFeature.feature:16)
</pre></div><a href='#' onClick='toggleBox("stack-trace1589640004", this, "Click to show all stack frames", "Click to hide stack frames")'>Click to show all stack frames</a>
<div class='stack-trace' id='stack-trace1589640004'><pre>java.lang.NullPointerException: Cannot invoke &quot;org.openqa.selenium.WebElement.clear()&quot; because &quot;this.Username&quot; is null
	at PageObject.LoginPage.enterEmail(LoginPage.java:31)
	at StepDefinition.StepDef.user_enter_username_as_as_and_password_as(StepDef.java:29)
	at ✽.User enter Username as &quot;Admin&quot; as and password as &quot;admin123&quot;(file:///C:/Users/akkar/eclipse-workspace/CucumberFramework/./Features/LoginFeature.feature:16)
</pre></div></td>
<td>5</td>
<td>TestRunner.TestRun@2ab4bc72</td></tr>
<tr>
<td title='TestRunner.TestRun.runScenario()'><b>runScenario</b><br>Test class: TestRunner.TestRun<br>Test method: Runs Cucumber Scenarios<br>Parameters: "Succesfully Add new Customer", "Registration Form"</td>
<td><div><pre>java.lang.NullPointerException: Cannot invoke &quot;org.openqa.selenium.WebDriver.get(String)&quot; because &quot;this.driver&quot; is null
	at StepDefinition.StepDefRegistration.user_open_the_url(StepDefRegistration.java:14)
	at ✽.User open the URL &quot;https://demoqa.com/&quot;(file:///C:/Users/akkar/eclipse-workspace/CucumberFramework/./Features/Registration.feature:5)
</pre></div><a href='#' onClick='toggleBox("stack-trace19423", this, "Click to show all stack frames", "Click to hide stack frames")'>Click to show all stack frames</a>
<div class='stack-trace' id='stack-trace19423'><pre>java.lang.NullPointerException: Cannot invoke &quot;org.openqa.selenium.WebDriver.get(String)&quot; because &quot;this.driver&quot; is null
	at StepDefinition.StepDefRegistration.user_open_the_url(StepDefRegistration.java:14)
	at ✽.User open the URL &quot;https://demoqa.com/&quot;(file:///C:/Users/akkar/eclipse-workspace/CucumberFramework/./Features/Registration.feature:5)
</pre></div></td>
<td>1</td>
<td>TestRunner.TestRun@2ab4bc72</td></tr>
</table><p>
</body>
</html>