<?xml version="1.0" encoding="UTF-8"?>
<testng-results ignored="0" total="4" passed="0" failed="4" skipped="0">
  <reporter-output>
  </reporter-output>
  <suite started-at="2023-10-16T19:29:17 EDT" name="Default suite" finished-at="2023-10-16T19:29:35 EDT" duration-ms="18317">
    <groups>
      <group name="cucumber">
        <method signature="AbstractTestNGCucumberTests.runScenario(io.cucumber.testng.PickleWrapper,io.cucumber.testng.FeatureWrapper)[pri:0, instance:TestRunner.TestRun@2ab4bc72]" name="runScenario" class="io.cucumber.testng.AbstractTestNGCucumberTests"/>
      </group> <!-- cucumber -->
    </groups>
    <test started-at="2023-10-16T19:29:17 EDT" name="Default test" finished-at="2023-10-16T19:29:35 EDT" duration-ms="18317">
      <class name="TestRunner.TestRun">
        <test-method is-config="true" signature="setUpClass(org.testng.ITestContext)[pri:0, instance:TestRunner.TestRun@2ab4bc72]" started-at="2023-10-16T19:29:17 EDT" name="setUpClass" finished-at="2023-10-16T19:29:18 EDT" duration-ms="502" status="PASS">
          <params>
            <param index="0">
              <value>
                <![CDATA[org.testng.TestRunner@daf22f0]]>
              </value>
            </param>
          </params>
          <reporter-output>
          </reporter-output>
        </test-method> <!-- setUpClass -->
        <test-method signature="runScenario(io.cucumber.testng.PickleWrapper,io.cucumber.testng.FeatureWrapper)[pri:0, instance:TestRunner.TestRun@2ab4bc72]" started-at="2023-10-16T19:29:18 EDT" name="runScenario" description="Runs Cucumber Scenarios" data-provider="scenarios" finished-at="2023-10-16T19:29:24 EDT" duration-ms="6087" status="FAIL">
          <params>
            <param index="0">
              <value>
                <![CDATA["Successful login with valid credentials without Data Driven Testing"]]>
              </value>
            </param>
            <param index="1">
              <value>
                <![CDATA["login"]]>
              </value>
            </param>
          </params>
          <exception class="java.lang.NullPointerException">
            <message>
              <![CDATA[Cannot invoke "org.openqa.selenium.WebElement.clear()" because "this.Username" is null]]>
            </message>
            <full-stacktrace>
              <![CDATA[java.lang.NullPointerException: Cannot invoke "org.openqa.selenium.WebElement.clear()" because "this.Username" is null
at PageObject.LoginPage.enterEmail(LoginPage.java:31)
at StepDefinition.StepDef.user_enter_username_as_as_and_password_as(StepDef.java:29)
at ✽.User enter Username as "Admin" as and password as "admin123"(file:///C:/Users/akkar/eclipse-workspace/CucumberFramework/./Features/LoginFeature.feature:6)
]]>
            </full-stacktrace>
          </exception> <!-- java.lang.NullPointerException -->
          <reporter-output>
          </reporter-output>
        </test-method> <!-- runScenario -->
        <test-method signature="runScenario(io.cucumber.testng.PickleWrapper,io.cucumber.testng.FeatureWrapper)[pri:0, instance:TestRunner.TestRun@2ab4bc72]" started-at="2023-10-16T19:29:24 EDT" name="runScenario" description="Runs Cucumber Scenarios" data-provider="scenarios" finished-at="2023-10-16T19:29:29 EDT" duration-ms="5001" status="FAIL">
          <params>
            <param index="0">
              <value>
                <![CDATA["Successful login with valid credentials Data Driven Testing"]]>
              </value>
            </param>
            <param index="1">
              <value>
                <![CDATA["login"]]>
              </value>
            </param>
          </params>
          <exception class="java.lang.NullPointerException">
            <message>
              <![CDATA[Cannot invoke "org.openqa.selenium.WebElement.clear()" because "this.Username" is null]]>
            </message>
            <full-stacktrace>
              <![CDATA[java.lang.NullPointerException: Cannot invoke "org.openqa.selenium.WebElement.clear()" because "this.Username" is null
at PageObject.LoginPage.enterEmail(LoginPage.java:31)
at StepDefinition.StepDef.user_enter_username_as_as_and_password_as(StepDef.java:29)
at ✽.User enter Username as "Admin" as and password as "admin123"(file:///C:/Users/akkar/eclipse-workspace/CucumberFramework/./Features/LoginFeature.feature:16)
]]>
            </full-stacktrace>
          </exception> <!-- java.lang.NullPointerException -->
          <reporter-output>
          </reporter-output>
        </test-method> <!-- runScenario -->
        <test-method signature="runScenario(io.cucumber.testng.PickleWrapper,io.cucumber.testng.FeatureWrapper)[pri:0, instance:TestRunner.TestRun@2ab4bc72]" started-at="2023-10-16T19:29:29 EDT" name="runScenario" description="Runs Cucumber Scenarios" data-provider="scenarios" finished-at="2023-10-16T19:29:34 EDT" duration-ms="5368" status="FAIL">
          <params>
            <param index="0">
              <value>
                <![CDATA["Successful login with valid credentials Data Driven Testing"]]>
              </value>
            </param>
            <param index="1">
              <value>
                <![CDATA["login"]]>
              </value>
            </param>
          </params>
          <exception class="java.lang.NullPointerException">
            <message>
              <![CDATA[Cannot invoke "org.openqa.selenium.WebElement.clear()" because "this.Username" is null]]>
            </message>
            <full-stacktrace>
              <![CDATA[java.lang.NullPointerException: Cannot invoke "org.openqa.selenium.WebElement.clear()" because "this.Username" is null
at PageObject.LoginPage.enterEmail(LoginPage.java:31)
at StepDefinition.StepDef.user_enter_username_as_as_and_password_as(StepDef.java:29)
at ✽.User enter Username as "Test" as and password as "admin123"(file:///C:/Users/akkar/eclipse-workspace/CucumberFramework/./Features/LoginFeature.feature:16)
]]>
            </full-stacktrace>
          </exception> <!-- java.lang.NullPointerException -->
          <reporter-output>
          </reporter-output>
        </test-method> <!-- runScenario -->
        <test-method signature="runScenario(io.cucumber.testng.PickleWrapper,io.cucumber.testng.FeatureWrapper)[pri:0, instance:TestRunner.TestRun@2ab4bc72]" started-at="2023-10-16T19:29:34 EDT" name="runScenario" description="Runs Cucumber Scenarios" data-provider="scenarios" finished-at="2023-10-16T19:29:35 EDT" duration-ms="1082" status="FAIL">
          <params>
            <param index="0">
              <value>
                <![CDATA["Succesfully Add new Customer"]]>
              </value>
            </param>
            <param index="1">
              <value>
                <![CDATA["Registration Form"]]>
              </value>
            </param>
          </params>
          <exception class="java.lang.NullPointerException">
            <message>
              <![CDATA[Cannot invoke "org.openqa.selenium.WebDriver.get(String)" because "this.driver" is null]]>
            </message>
            <full-stacktrace>
              <![CDATA[java.lang.NullPointerException: Cannot invoke "org.openqa.selenium.WebDriver.get(String)" because "this.driver" is null
at StepDefinition.StepDefRegistration.user_open_the_url(StepDefRegistration.java:14)
at ✽.User open the URL "https://demoqa.com/"(file:///C:/Users/akkar/eclipse-workspace/CucumberFramework/./Features/Registration.feature:5)
]]>
            </full-stacktrace>
          </exception> <!-- java.lang.NullPointerException -->
          <reporter-output>
          </reporter-output>
        </test-method> <!-- runScenario -->
        <test-method is-config="true" signature="tearDownClass()[pri:0, instance:TestRunner.TestRun@2ab4bc72]" started-at="2023-10-16T19:29:35 EDT" name="tearDownClass" finished-at="2023-10-16T19:29:35 EDT" duration-ms="192" status="PASS">
          <reporter-output>
          </reporter-output>
        </test-method> <!-- tearDownClass -->
      </class> <!-- TestRunner.TestRun -->
    </test> <!-- Default test -->
  </suite> <!-- Default suite -->
</testng-results>
